<?xml version="1.0" encoding="UTF-8"?>
<testsuites name="PurchaseAllAnimalts" time="55.741" tests="6" failures="0" errors="0">
   <testsuite name="PurchaseAllAnimalts" tests="6" failures="0" errors="0" time="55.741" skipped="0" timestamp="22-09-2024T16:17:12" hostname="AkashMaurya - CWERX-0668" id="Test Suites/PurchaseAllAnimalts">
      <properties>
         <property name="deviceName" value=""/>
         <property name="devicePlatform"/>
         <property name="logFolder" value="C:\\Users\\AkashMaurya\\git\\PracticeProjectOne\\Reports\\20240922_161709\\PurchaseAllAnimalts\\20240922_161709"/>
         <property name="logFiles" value="C:\\Users\\AkashMaurya\\git\\PracticeProjectOne\\Reports\\20240922_161709\\PurchaseAllAnimalts\\20240922_161709\\execution0.log"/>
         <property name="attachments" value=""/>
         <property name="hostName" value="AkashMaurya - CWERX-0668"/>
         <property name="os" value="Windows 11 64bit"/>
         <property name="katalonVersion" value="9.6.0.217"/>
         <property name="browser" value="Chrome 128.0.0.0"/>
         <property name="hostAddress" value="192.168.0.109"/>
         <property name="sessionId" value="c796a8dea434590901ac5f4cc87b52c6"/>
         <property name="seleniumVersion" value="3.141.59"/>
         <property name="proxyInformation" value="ProxyInformation { proxyOption=NO_PROXY, proxyServerType=HTTP, username=, password=********, proxyServerAddress=, proxyServerPort=0, executionList=&quot;&quot;, isApplyToDesiredCapabilities=true }"/>
         <property name="platform" value="Windows 11"/>
      </properties>
      <testcase name="Test Cases/PurchaseBirds" time="9.423" classname="Test Cases/PurchaseBirds" status="PASSED">
         <system-out><![CDATA[22-09-2024T16:17:13 - [TEST_CASE][PASSED] - Test Cases/PurchaseBirds: Test Cases/PurchaseBirds

22-09-2024T16:17:13 - [TEST_STEP][PASSED] - BrowserFunctionKeyword.lauchBrowser(): BrowserFunctionKeyword.lauchBrowser is PASSED

22-09-2024T16:17:13 - [MESSAGE][INFO] - Starting 'Chrome (headless)' driver

22-09-2024T16:17:13 - [MESSAGE][INFO] - Action delay is set to 0 milliseconds

22-09-2024T16:17:15 - [MESSAGE][PASSED] - Browser is opened with url: ''

22-09-2024T16:17:15 - [MESSAGE][PASSED] - Navigate to 'https://petstore.octoperf.com/actions/Catalog.action' successfully

22-09-2024T16:17:15 - [MESSAGE][PASSED] - BrowserFunctionKeyword.lauchBrowser is PASSED

22-09-2024T16:17:15 - [TEST_STEP][PASSED] - PetStoreKeyword.login(): PetStoreKeyword.login is PASSED

22-09-2024T16:17:16 - [MESSAGE][PASSED] - Object: 'Object Repository/Page_JPetStore Demo/a_Sign In' is clicked on

22-09-2024T16:17:17 - [MESSAGE][PASSED] - Text 'testuser' is set on object 'Object Repository/Page_JPetStore Demo/input_Need a user name and password_username'

22-09-2024T16:17:17 - [MESSAGE][PASSED] - Text 'testuser' is set on object 'Object Repository/Page_JPetStore Demo/input_New password_password'

22-09-2024T16:17:18 - [MESSAGE][PASSED] - Object: 'Object Repository/Page_JPetStore Demo/input_Need a user name and password_signon' is clicked on

22-09-2024T16:17:18 - [MESSAGE][PASSED] - PetStoreKeyword.login is PASSED

22-09-2024T16:17:18 - [TEST_STEP][PASSED] - click(findTestObject("Page_JPetStore Demo/BirdsLink")): Object: 'Object Repository/Page_JPetStore Demo/BirdsLink' is clicked on

22-09-2024T16:17:18 - [MESSAGE][PASSED] - Object: 'Object Repository/Page_JPetStore Demo/BirdsLink' is clicked on

22-09-2024T16:17:18 - [TEST_STEP][PASSED] - click(findTestObject("Page_JPetStore Demo/AmazonParrotLink")): Object: 'Object Repository/Page_JPetStore Demo/AmazonParrotLink' is clicked on

22-09-2024T16:17:19 - [MESSAGE][PASSED] - Object: 'Object Repository/Page_JPetStore Demo/AmazonParrotLink' is clicked on

22-09-2024T16:17:19 - [TEST_STEP][PASSED] - click(findTestObject("Page_JPetStore Demo/ParrotAddtoCart")): Object: 'Object Repository/Page_JPetStore Demo/ParrotAddtoCart' is clicked on

22-09-2024T16:17:19 - [MESSAGE][PASSED] - Object: 'Object Repository/Page_JPetStore Demo/ParrotAddtoCart' is clicked on

22-09-2024T16:17:19 - [TEST_STEP][PASSED] - click(findTestObject("Page_JPetStore Demo/ProceedToCheckout")): Object: 'Object Repository/Page_JPetStore Demo/ProceedToCheckout' is clicked on

22-09-2024T16:17:20 - [MESSAGE][PASSED] - Object: 'Object Repository/Page_JPetStore Demo/ProceedToCheckout' is clicked on

22-09-2024T16:17:20 - [TEST_STEP][PASSED] - click(findTestObject("Page_JPetStore Demo/ContinueButton")): Object: 'Object Repository/Page_JPetStore Demo/ContinueButton' is clicked on

22-09-2024T16:17:20 - [MESSAGE][PASSED] - Object: 'Object Repository/Page_JPetStore Demo/ContinueButton' is clicked on

22-09-2024T16:17:20 - [TEST_STEP][PASSED] - click(findTestObject("Page_JPetStore Demo/ConfirmButton")): Object: 'Object Repository/Page_JPetStore Demo/ConfirmButton' is clicked on

22-09-2024T16:17:21 - [MESSAGE][PASSED] - Object: 'Object Repository/Page_JPetStore Demo/ConfirmButton' is clicked on

22-09-2024T16:17:21 - [TEST_STEP][PASSED] - verifyElementPresent(findTestObject("Page_JPetStore Demo/OrderSubmittedLabel"), 0): Object 'Object Repository/Page_JPetStore Demo/OrderSubmittedLabel' is present

22-09-2024T16:17:21 - [MESSAGE][WARNING] - Timeout '0' is invalid. Using default page load timeout: '30'

22-09-2024T16:17:21 - [MESSAGE][PASSED] - Object 'Object Repository/Page_JPetStore Demo/OrderSubmittedLabel' is present

22-09-2024T16:17:21 - [TEST_STEP][PASSED] - PetStoreKeyword.logout(): PetStoreKeyword.logout is PASSED

22-09-2024T16:17:22 - [MESSAGE][PASSED] - Object: 'Object Repository/Page_JPetStore Demo/signoutlink' is clicked on

22-09-2024T16:17:22 - [MESSAGE][PASSED] - PetStoreKeyword.logout is PASSED

22-09-2024T16:17:22 - [TEST_STEP][PASSED] - BrowserFunctionKeyword.closeBrowser(): BrowserFunctionKeyword.closeBrowser is PASSED

22-09-2024T16:17:22 - [MESSAGE][PASSED] - Browser is closed

22-09-2024T16:17:22 - [MESSAGE][PASSED] - BrowserFunctionKeyword.closeBrowser is PASSED]]></system-out>
         <system-err><![CDATA[]]></system-err>
      </testcase>
      <testcase name="Test Cases/PurchaseCats" time="8.11" classname="Test Cases/PurchaseCats" status="PASSED">
         <system-out><![CDATA[22-09-2024T16:17:22 - [TEST_CASE][PASSED] - Test Cases/PurchaseCats: Test Cases/PurchaseCats

22-09-2024T16:17:22 - [TEST_STEP][PASSED] - BrowserFunctionKeyword.lauchBrowser(): BrowserFunctionKeyword.lauchBrowser is PASSED

22-09-2024T16:17:22 - [MESSAGE][INFO] - Starting 'Chrome (headless)' driver

22-09-2024T16:17:22 - [MESSAGE][INFO] - Action delay is set to 0 milliseconds

22-09-2024T16:17:23 - [MESSAGE][PASSED] - Browser is opened with url: ''

22-09-2024T16:17:24 - [MESSAGE][PASSED] - Navigate to 'https://petstore.octoperf.com/actions/Catalog.action' successfully

22-09-2024T16:17:24 - [MESSAGE][PASSED] - BrowserFunctionKeyword.lauchBrowser is PASSED

22-09-2024T16:17:24 - [TEST_STEP][PASSED] - PetStoreKeyword.login(): PetStoreKeyword.login is PASSED

22-09-2024T16:17:24 - [MESSAGE][PASSED] - Object: 'Object Repository/Page_JPetStore Demo/a_Sign In' is clicked on

22-09-2024T16:17:25 - [MESSAGE][PASSED] - Text 'testuser' is set on object 'Object Repository/Page_JPetStore Demo/input_Need a user name and password_username'

22-09-2024T16:17:26 - [MESSAGE][PASSED] - Text 'testuser' is set on object 'Object Repository/Page_JPetStore Demo/input_New password_password'

22-09-2024T16:17:26 - [MESSAGE][PASSED] - Object: 'Object Repository/Page_JPetStore Demo/input_Need a user name and password_signon' is clicked on

22-09-2024T16:17:26 - [MESSAGE][PASSED] - PetStoreKeyword.login is PASSED

22-09-2024T16:17:26 - [TEST_STEP][PASSED] - click(findTestObject("Page_JPetStore Demo/CatsLink")): Object: 'Object Repository/Page_JPetStore Demo/CatsLink' is clicked on

22-09-2024T16:17:27 - [MESSAGE][PASSED] - Object: 'Object Repository/Page_JPetStore Demo/CatsLink' is clicked on

22-09-2024T16:17:27 - [TEST_STEP][PASSED] - click(findTestObject("Page_JPetStore Demo/ManxCat")): Object: 'Object Repository/Page_JPetStore Demo/ManxCat' is clicked on

22-09-2024T16:17:27 - [MESSAGE][PASSED] - Object: 'Object Repository/Page_JPetStore Demo/ManxCat' is clicked on

22-09-2024T16:17:27 - [TEST_STEP][PASSED] - click(findTestObject("Page_JPetStore Demo/TaillessManxAddtoCart")): Object: 'Object Repository/Page_JPetStore Demo/TaillessManxAddtoCart' is clicked on

22-09-2024T16:17:28 - [MESSAGE][PASSED] - Object: 'Object Repository/Page_JPetStore Demo/TaillessManxAddtoCart' is clicked on

22-09-2024T16:17:28 - [TEST_STEP][PASSED] - click(findTestObject("Page_JPetStore Demo/ProceedToCheckout")): Object: 'Object Repository/Page_JPetStore Demo/ProceedToCheckout' is clicked on

22-09-2024T16:17:28 - [MESSAGE][PASSED] - Object: 'Object Repository/Page_JPetStore Demo/ProceedToCheckout' is clicked on

22-09-2024T16:17:28 - [TEST_STEP][PASSED] - click(findTestObject("Page_JPetStore Demo/ContinueButton")): Object: 'Object Repository/Page_JPetStore Demo/ContinueButton' is clicked on

22-09-2024T16:17:29 - [MESSAGE][PASSED] - Object: 'Object Repository/Page_JPetStore Demo/ContinueButton' is clicked on

22-09-2024T16:17:29 - [TEST_STEP][PASSED] - click(findTestObject("Page_JPetStore Demo/ConfirmButton")): Object: 'Object Repository/Page_JPetStore Demo/ConfirmButton' is clicked on

22-09-2024T16:17:29 - [MESSAGE][PASSED] - Object: 'Object Repository/Page_JPetStore Demo/ConfirmButton' is clicked on

22-09-2024T16:17:29 - [TEST_STEP][PASSED] - verifyElementPresent(findTestObject("Page_JPetStore Demo/OrderSubmittedLabel"), 0): Object 'Object Repository/Page_JPetStore Demo/OrderSubmittedLabel' is present

22-09-2024T16:17:29 - [MESSAGE][WARNING] - Timeout '0' is invalid. Using default page load timeout: '30'

22-09-2024T16:17:29 - [MESSAGE][PASSED] - Object 'Object Repository/Page_JPetStore Demo/OrderSubmittedLabel' is present

22-09-2024T16:17:29 - [TEST_STEP][PASSED] - PetStoreKeyword.logout(): PetStoreKeyword.logout is PASSED

22-09-2024T16:17:30 - [MESSAGE][PASSED] - Object: 'Object Repository/Page_JPetStore Demo/signoutlink' is clicked on

22-09-2024T16:17:30 - [MESSAGE][PASSED] - PetStoreKeyword.logout is PASSED

22-09-2024T16:17:30 - [TEST_STEP][PASSED] - BrowserFunctionKeyword.closeBrowser(): BrowserFunctionKeyword.closeBrowser is PASSED

22-09-2024T16:17:30 - [MESSAGE][PASSED] - Browser is closed

22-09-2024T16:17:30 - [MESSAGE][PASSED] - BrowserFunctionKeyword.closeBrowser is PASSED]]></system-out>
         <system-err><![CDATA[]]></system-err>
      </testcase>
      <testcase name="Test Cases/PurchaseDogs" time="7.935" classname="Test Cases/PurchaseDogs" status="PASSED">
         <system-out><![CDATA[22-09-2024T16:17:30 - [TEST_CASE][PASSED] - Test Cases/PurchaseDogs: Test Cases/PurchaseDogs

22-09-2024T16:17:30 - [TEST_STEP][PASSED] - BrowserFunctionKeyword.lauchBrowser(): BrowserFunctionKeyword.lauchBrowser is PASSED

22-09-2024T16:17:30 - [MESSAGE][INFO] - Starting 'Chrome (headless)' driver

22-09-2024T16:17:30 - [MESSAGE][INFO] - Action delay is set to 0 milliseconds

22-09-2024T16:17:31 - [MESSAGE][PASSED] - Browser is opened with url: ''

22-09-2024T16:17:32 - [MESSAGE][PASSED] - Navigate to 'https://petstore.octoperf.com/actions/Catalog.action' successfully

22-09-2024T16:17:32 - [MESSAGE][PASSED] - BrowserFunctionKeyword.lauchBrowser is PASSED

22-09-2024T16:17:32 - [TEST_STEP][PASSED] - PetStoreKeyword.login(): PetStoreKeyword.login is PASSED

22-09-2024T16:17:32 - [MESSAGE][PASSED] - Object: 'Object Repository/Page_JPetStore Demo/a_Sign In' is clicked on

22-09-2024T16:17:33 - [MESSAGE][PASSED] - Text 'testuser' is set on object 'Object Repository/Page_JPetStore Demo/input_Need a user name and password_username'

22-09-2024T16:17:34 - [MESSAGE][PASSED] - Text 'testuser' is set on object 'Object Repository/Page_JPetStore Demo/input_New password_password'

22-09-2024T16:17:34 - [MESSAGE][PASSED] - Object: 'Object Repository/Page_JPetStore Demo/input_Need a user name and password_signon' is clicked on

22-09-2024T16:17:34 - [MESSAGE][PASSED] - PetStoreKeyword.login is PASSED

22-09-2024T16:17:34 - [TEST_STEP][PASSED] - click(findTestObject("Page_JPetStore Demo/DogsLink")): Object: 'Object Repository/Page_JPetStore Demo/DogsLink' is clicked on

22-09-2024T16:17:35 - [MESSAGE][PASSED] - Object: 'Object Repository/Page_JPetStore Demo/DogsLink' is clicked on

22-09-2024T16:17:35 - [TEST_STEP][PASSED] - click(findTestObject("Page_JPetStore Demo/BulldogLink")): Object: 'Object Repository/Page_JPetStore Demo/BulldogLink' is clicked on

22-09-2024T16:17:35 - [MESSAGE][PASSED] - Object: 'Object Repository/Page_JPetStore Demo/BulldogLink' is clicked on

22-09-2024T16:17:35 - [TEST_STEP][PASSED] - click(findTestObject("Page_JPetStore Demo/MaleBullDog")): Object: 'Object Repository/Page_JPetStore Demo/MaleBullDog' is clicked on

22-09-2024T16:17:36 - [MESSAGE][PASSED] - Object: 'Object Repository/Page_JPetStore Demo/MaleBullDog' is clicked on

22-09-2024T16:17:36 - [TEST_STEP][PASSED] - click(findTestObject("Page_JPetStore Demo/ProceedToCheckout")): Object: 'Object Repository/Page_JPetStore Demo/ProceedToCheckout' is clicked on

22-09-2024T16:17:36 - [MESSAGE][PASSED] - Object: 'Object Repository/Page_JPetStore Demo/ProceedToCheckout' is clicked on

22-09-2024T16:17:36 - [TEST_STEP][PASSED] - click(findTestObject("Page_JPetStore Demo/ContinueButton")): Object: 'Object Repository/Page_JPetStore Demo/ContinueButton' is clicked on

22-09-2024T16:17:36 - [MESSAGE][PASSED] - Object: 'Object Repository/Page_JPetStore Demo/ContinueButton' is clicked on

22-09-2024T16:17:36 - [TEST_STEP][PASSED] - click(findTestObject("Page_JPetStore Demo/ConfirmButton")): Object: 'Object Repository/Page_JPetStore Demo/ConfirmButton' is clicked on

22-09-2024T16:17:37 - [MESSAGE][PASSED] - Object: 'Object Repository/Page_JPetStore Demo/ConfirmButton' is clicked on

22-09-2024T16:17:37 - [TEST_STEP][PASSED] - verifyElementPresent(findTestObject("Page_JPetStore Demo/OrderSubmittedLabel"), 0): Object 'Object Repository/Page_JPetStore Demo/OrderSubmittedLabel' is present

22-09-2024T16:17:37 - [MESSAGE][WARNING] - Timeout '0' is invalid. Using default page load timeout: '30'

22-09-2024T16:17:37 - [MESSAGE][PASSED] - Object 'Object Repository/Page_JPetStore Demo/OrderSubmittedLabel' is present

22-09-2024T16:17:37 - [TEST_STEP][PASSED] - PetStoreKeyword.logout(): PetStoreKeyword.logout is PASSED

22-09-2024T16:17:38 - [MESSAGE][PASSED] - Object: 'Object Repository/Page_JPetStore Demo/signoutlink' is clicked on

22-09-2024T16:17:38 - [MESSAGE][PASSED] - PetStoreKeyword.logout is PASSED

22-09-2024T16:17:38 - [TEST_STEP][PASSED] - BrowserFunctionKeyword.closeBrowser(): BrowserFunctionKeyword.closeBrowser is PASSED

22-09-2024T16:17:38 - [MESSAGE][PASSED] - Browser is closed

22-09-2024T16:17:38 - [MESSAGE][PASSED] - BrowserFunctionKeyword.closeBrowser is PASSED]]></system-out>
         <system-err><![CDATA[]]></system-err>
      </testcase>
      <testcase name="Test Cases/PurchaseFish" time="8.344" classname="Test Cases/PurchaseFish" status="PASSED">
         <system-out><![CDATA[22-09-2024T16:17:38 - [TEST_CASE][PASSED] - Test Cases/PurchaseFish: Test Cases/PurchaseFish

22-09-2024T16:17:38 - [TEST_STEP][PASSED] - openBrowser(""): Browser is opened with url: ''

22-09-2024T16:17:38 - [MESSAGE][INFO] - Starting 'Chrome (headless)' driver

22-09-2024T16:17:38 - [MESSAGE][INFO] - Action delay is set to 0 milliseconds

22-09-2024T16:17:39 - [MESSAGE][PASSED] - Browser is opened with url: ''

22-09-2024T16:17:39 - [TEST_STEP][PASSED] - navigateToUrl("https://petstore.octoperf.com/actions/Catalog.action"): Navigate to 'https://petstore.octoperf.com/actions/Catalog.action' successfully

22-09-2024T16:17:40 - [MESSAGE][PASSED] - Navigate to 'https://petstore.octoperf.com/actions/Catalog.action' successfully

22-09-2024T16:17:40 - [TEST_STEP][PASSED] - click(findTestObject("Page_JPetStore Demo/a_Sign In"), STOP_ON_FAILURE): Object: 'Object Repository/Page_JPetStore Demo/a_Sign In' is clicked on

22-09-2024T16:17:40 - [MESSAGE][PASSED] - Object: 'Object Repository/Page_JPetStore Demo/a_Sign In' is clicked on

22-09-2024T16:17:40 - [TEST_STEP][PASSED] - setText(findTestObject("Page_JPetStore Demo/input_Need a user name and password_username"), "testuser"): Text 'testuser' is set on object 'Object Repository/Page_JPetStore Demo/input_Need a user name and password_username'

22-09-2024T16:17:41 - [MESSAGE][PASSED] - Text 'testuser' is set on object 'Object Repository/Page_JPetStore Demo/input_Need a user name and password_username'

22-09-2024T16:17:41 - [TEST_STEP][PASSED] - setText(findTestObject("Page_JPetStore Demo/input_New password_password"), "testuser"): Text 'testuser' is set on object 'Object Repository/Page_JPetStore Demo/input_New password_password'

22-09-2024T16:17:42 - [MESSAGE][PASSED] - Text 'testuser' is set on object 'Object Repository/Page_JPetStore Demo/input_New password_password'

22-09-2024T16:17:42 - [TEST_STEP][PASSED] - click(findTestObject("Page_JPetStore Demo/input_Need a user name and password_signon")): Object: 'Object Repository/Page_JPetStore Demo/input_Need a user name and password_signon' is clicked on

22-09-2024T16:17:42 - [MESSAGE][PASSED] - Object: 'Object Repository/Page_JPetStore Demo/input_Need a user name and password_signon' is clicked on

22-09-2024T16:17:42 - [TEST_STEP][PASSED] - click(findTestObject("Page_JPetStore Demo/FishLink")): Object: 'Object Repository/Page_JPetStore Demo/FishLink' is clicked on

22-09-2024T16:17:43 - [MESSAGE][PASSED] - Object: 'Object Repository/Page_JPetStore Demo/FishLink' is clicked on

22-09-2024T16:17:43 - [TEST_STEP][PASSED] - click(findTestObject("Page_JPetStore Demo/AngelFish")): Object: 'Object Repository/Page_JPetStore Demo/AngelFish' is clicked on

22-09-2024T16:17:43 - [MESSAGE][PASSED] - Object: 'Object Repository/Page_JPetStore Demo/AngelFish' is clicked on

22-09-2024T16:17:43 - [TEST_STEP][PASSED] - click(findTestObject("Page_JPetStore Demo/LargeAngelFish")): Object: 'Object Repository/Page_JPetStore Demo/LargeAngelFish' is clicked on

22-09-2024T16:17:44 - [MESSAGE][PASSED] - Object: 'Object Repository/Page_JPetStore Demo/LargeAngelFish' is clicked on

22-09-2024T16:17:44 - [TEST_STEP][PASSED] - click(findTestObject("Page_JPetStore Demo/ProceedToCheckout")): Object: 'Object Repository/Page_JPetStore Demo/ProceedToCheckout' is clicked on

22-09-2024T16:17:44 - [MESSAGE][PASSED] - Object: 'Object Repository/Page_JPetStore Demo/ProceedToCheckout' is clicked on

22-09-2024T16:17:44 - [TEST_STEP][PASSED] - verifyElementPresent(findTestObject("Page_JPetStore Demo/ContinueButton"), 0): Object 'Object Repository/Page_JPetStore Demo/ContinueButton' is present

22-09-2024T16:17:44 - [MESSAGE][WARNING] - Timeout '0' is invalid. Using default page load timeout: '30'

22-09-2024T16:17:44 - [MESSAGE][PASSED] - Object 'Object Repository/Page_JPetStore Demo/ContinueButton' is present

22-09-2024T16:17:44 - [TEST_STEP][PASSED] - click(findTestObject("Page_JPetStore Demo/ContinueButton")): Object: 'Object Repository/Page_JPetStore Demo/ContinueButton' is clicked on

22-09-2024T16:17:45 - [MESSAGE][PASSED] - Object: 'Object Repository/Page_JPetStore Demo/ContinueButton' is clicked on

22-09-2024T16:17:45 - [TEST_STEP][PASSED] - click(findTestObject("Page_JPetStore Demo/ConfirmButton")): Object: 'Object Repository/Page_JPetStore Demo/ConfirmButton' is clicked on

22-09-2024T16:17:45 - [MESSAGE][PASSED] - Object: 'Object Repository/Page_JPetStore Demo/ConfirmButton' is clicked on

22-09-2024T16:17:45 - [TEST_STEP][PASSED] - verifyElementPresent(findTestObject("Page_JPetStore Demo/OrderSubmittedLabel"), 0): Object 'Object Repository/Page_JPetStore Demo/OrderSubmittedLabel' is present

22-09-2024T16:17:45 - [MESSAGE][WARNING] - Timeout '0' is invalid. Using default page load timeout: '30'

22-09-2024T16:17:46 - [MESSAGE][PASSED] - Object 'Object Repository/Page_JPetStore Demo/OrderSubmittedLabel' is present

22-09-2024T16:17:46 - [TEST_STEP][PASSED] - click(findTestObject("Page_JPetStore Demo/signoutlink")): Object: 'Object Repository/Page_JPetStore Demo/signoutlink' is clicked on

22-09-2024T16:17:46 - [MESSAGE][PASSED] - Object: 'Object Repository/Page_JPetStore Demo/signoutlink' is clicked on

22-09-2024T16:17:46 - [TEST_STEP][PASSED] - closeBrowser(): Browser is closed

22-09-2024T16:17:46 - [MESSAGE][PASSED] - Browser is closed]]></system-out>
         <system-err><![CDATA[]]></system-err>
      </testcase>
      <testcase name="Test Cases/PurchaseReptiles" time="8.038" classname="Test Cases/PurchaseReptiles" status="PASSED">
         <system-out><![CDATA[22-09-2024T16:17:46 - [TEST_CASE][PASSED] - Test Cases/PurchaseReptiles: Test Cases/PurchaseReptiles

22-09-2024T16:17:46 - [TEST_STEP][PASSED] - BrowserFunctionKeyword.lauchBrowser(): BrowserFunctionKeyword.lauchBrowser is PASSED

22-09-2024T16:17:46 - [MESSAGE][INFO] - Starting 'Chrome (headless)' driver

22-09-2024T16:17:46 - [MESSAGE][INFO] - Action delay is set to 0 milliseconds

22-09-2024T16:17:47 - [MESSAGE][PASSED] - Browser is opened with url: ''

22-09-2024T16:17:48 - [MESSAGE][PASSED] - Navigate to 'https://petstore.octoperf.com/actions/Catalog.action' successfully

22-09-2024T16:17:48 - [MESSAGE][PASSED] - BrowserFunctionKeyword.lauchBrowser is PASSED

22-09-2024T16:17:48 - [TEST_STEP][PASSED] - PetStoreKeyword.login(): PetStoreKeyword.login is PASSED

22-09-2024T16:17:49 - [MESSAGE][PASSED] - Object: 'Object Repository/Page_JPetStore Demo/a_Sign In' is clicked on

22-09-2024T16:17:49 - [MESSAGE][PASSED] - Text 'testuser' is set on object 'Object Repository/Page_JPetStore Demo/input_Need a user name and password_username'

22-09-2024T16:17:50 - [MESSAGE][PASSED] - Text 'testuser' is set on object 'Object Repository/Page_JPetStore Demo/input_New password_password'

22-09-2024T16:17:50 - [MESSAGE][PASSED] - Object: 'Object Repository/Page_JPetStore Demo/input_Need a user name and password_signon' is clicked on

22-09-2024T16:17:50 - [MESSAGE][PASSED] - PetStoreKeyword.login is PASSED

22-09-2024T16:17:50 - [TEST_STEP][PASSED] - click(findTestObject("Page_JPetStore Demo/ReptilesLink")): Object: 'Object Repository/Page_JPetStore Demo/ReptilesLink' is clicked on

22-09-2024T16:17:51 - [MESSAGE][PASSED] - Object: 'Object Repository/Page_JPetStore Demo/ReptilesLink' is clicked on

22-09-2024T16:17:51 - [TEST_STEP][PASSED] - click(findTestObject("Page_JPetStore Demo/RattleSnakeLink")): Object: 'Object Repository/Page_JPetStore Demo/RattleSnakeLink' is clicked on

22-09-2024T16:17:51 - [MESSAGE][PASSED] - Object: 'Object Repository/Page_JPetStore Demo/RattleSnakeLink' is clicked on

22-09-2024T16:17:51 - [TEST_STEP][PASSED] - click(findTestObject("Page_JPetStore Demo/VenomlessAddtoCart")): Object: 'Object Repository/Page_JPetStore Demo/VenomlessAddtoCart' is clicked on

22-09-2024T16:17:52 - [MESSAGE][PASSED] - Object: 'Object Repository/Page_JPetStore Demo/VenomlessAddtoCart' is clicked on

22-09-2024T16:17:52 - [TEST_STEP][PASSED] - click(findTestObject("Page_JPetStore Demo/ProceedToCheckout")): Object: 'Object Repository/Page_JPetStore Demo/ProceedToCheckout' is clicked on

22-09-2024T16:17:52 - [MESSAGE][PASSED] - Object: 'Object Repository/Page_JPetStore Demo/ProceedToCheckout' is clicked on

22-09-2024T16:17:52 - [TEST_STEP][PASSED] - click(findTestObject("Page_JPetStore Demo/ContinueButton")): Object: 'Object Repository/Page_JPetStore Demo/ContinueButton' is clicked on

22-09-2024T16:17:53 - [MESSAGE][PASSED] - Object: 'Object Repository/Page_JPetStore Demo/ContinueButton' is clicked on

22-09-2024T16:17:53 - [TEST_STEP][PASSED] - click(findTestObject("Page_JPetStore Demo/ConfirmButton")): Object: 'Object Repository/Page_JPetStore Demo/ConfirmButton' is clicked on

22-09-2024T16:17:53 - [MESSAGE][PASSED] - Object: 'Object Repository/Page_JPetStore Demo/ConfirmButton' is clicked on

22-09-2024T16:17:53 - [TEST_STEP][PASSED] - verifyElementPresent(findTestObject("Page_JPetStore Demo/OrderSubmittedLabel"), 0): Object 'Object Repository/Page_JPetStore Demo/OrderSubmittedLabel' is present

22-09-2024T16:17:53 - [MESSAGE][WARNING] - Timeout '0' is invalid. Using default page load timeout: '30'

22-09-2024T16:17:54 - [MESSAGE][PASSED] - Object 'Object Repository/Page_JPetStore Demo/OrderSubmittedLabel' is present

22-09-2024T16:17:54 - [TEST_STEP][PASSED] - PetStoreKeyword.logout(): PetStoreKeyword.logout is PASSED

22-09-2024T16:17:54 - [MESSAGE][PASSED] - Object: 'Object Repository/Page_JPetStore Demo/signoutlink' is clicked on

22-09-2024T16:17:54 - [MESSAGE][PASSED] - PetStoreKeyword.logout is PASSED

22-09-2024T16:17:54 - [TEST_STEP][PASSED] - BrowserFunctionKeyword.closeBrowser(): BrowserFunctionKeyword.closeBrowser is PASSED

22-09-2024T16:17:54 - [MESSAGE][PASSED] - Browser is closed

22-09-2024T16:17:54 - [MESSAGE][PASSED] - BrowserFunctionKeyword.closeBrowser is PASSED]]></system-out>
         <system-err><![CDATA[]]></system-err>
      </testcase>
      <testcase name="Test Cases/PurchaseAllPet" time="13.697" classname="Test Cases/PurchaseAllPet" status="PASSED">
         <system-out><![CDATA[22-09-2024T16:17:54 - [TEST_CASE][PASSED] - Test Cases/PurchaseAllPet: Test Cases/PurchaseAllPet

22-09-2024T16:17:55 - [TEST_STEP][PASSED] - BrowserFunctionKeyword.lauchBrowser(): BrowserFunctionKeyword.lauchBrowser is PASSED

22-09-2024T16:17:55 - [MESSAGE][INFO] - Starting 'Chrome (headless)' driver

22-09-2024T16:17:55 - [MESSAGE][INFO] - Action delay is set to 0 milliseconds

22-09-2024T16:17:55 - [MESSAGE][PASSED] - Browser is opened with url: ''

22-09-2024T16:17:56 - [MESSAGE][PASSED] - Navigate to 'https://petstore.octoperf.com/actions/Catalog.action' successfully

22-09-2024T16:17:56 - [MESSAGE][PASSED] - BrowserFunctionKeyword.lauchBrowser is PASSED

22-09-2024T16:17:56 - [TEST_STEP][PASSED] - PetStoreKeyword.login(): PetStoreKeyword.login is PASSED

22-09-2024T16:17:57 - [MESSAGE][PASSED] - Object: 'Object Repository/Page_JPetStore Demo/a_Sign In' is clicked on

22-09-2024T16:17:57 - [MESSAGE][PASSED] - Text 'testuser' is set on object 'Object Repository/Page_JPetStore Demo/input_Need a user name and password_username'

22-09-2024T16:17:58 - [MESSAGE][PASSED] - Text 'testuser' is set on object 'Object Repository/Page_JPetStore Demo/input_New password_password'

22-09-2024T16:17:59 - [MESSAGE][PASSED] - Object: 'Object Repository/Page_JPetStore Demo/input_Need a user name and password_signon' is clicked on

22-09-2024T16:17:59 - [MESSAGE][PASSED] - PetStoreKeyword.login is PASSED

22-09-2024T16:17:59 - [TEST_STEP][PASSED] - click(findTestObject("Page_JPetStore Demo/FishLink")): Object: 'Object Repository/Page_JPetStore Demo/FishLink' is clicked on

22-09-2024T16:17:59 - [MESSAGE][PASSED] - Object: 'Object Repository/Page_JPetStore Demo/FishLink' is clicked on

22-09-2024T16:17:59 - [TEST_STEP][PASSED] - click(findTestObject("Page_JPetStore Demo/AngelFish")): Object: 'Object Repository/Page_JPetStore Demo/AngelFish' is clicked on

22-09-2024T16:17:59 - [MESSAGE][PASSED] - Object: 'Object Repository/Page_JPetStore Demo/AngelFish' is clicked on

22-09-2024T16:17:59 - [TEST_STEP][PASSED] - click(findTestObject("Page_JPetStore Demo/LargeAngelFish")): Object: 'Object Repository/Page_JPetStore Demo/LargeAngelFish' is clicked on

22-09-2024T16:18:00 - [MESSAGE][PASSED] - Object: 'Object Repository/Page_JPetStore Demo/LargeAngelFish' is clicked on

22-09-2024T16:18:00 - [TEST_STEP][PASSED] - click(findTestObject("Page_JPetStore Demo/DogsLink")): Object: 'Object Repository/Page_JPetStore Demo/DogsLink' is clicked on

22-09-2024T16:18:00 - [MESSAGE][PASSED] - Object: 'Object Repository/Page_JPetStore Demo/DogsLink' is clicked on

22-09-2024T16:18:00 - [TEST_STEP][PASSED] - click(findTestObject("Page_JPetStore Demo/BulldogLink")): Object: 'Object Repository/Page_JPetStore Demo/BulldogLink' is clicked on

22-09-2024T16:18:01 - [MESSAGE][PASSED] - Object: 'Object Repository/Page_JPetStore Demo/BulldogLink' is clicked on

22-09-2024T16:18:01 - [TEST_STEP][PASSED] - click(findTestObject("Page_JPetStore Demo/MaleBullDog")): Object: 'Object Repository/Page_JPetStore Demo/MaleBullDog' is clicked on

22-09-2024T16:18:01 - [MESSAGE][PASSED] - Object: 'Object Repository/Page_JPetStore Demo/MaleBullDog' is clicked on

22-09-2024T16:18:01 - [TEST_STEP][PASSED] - click(findTestObject("Page_JPetStore Demo/CatsLink")): Object: 'Object Repository/Page_JPetStore Demo/CatsLink' is clicked on

22-09-2024T16:18:02 - [MESSAGE][PASSED] - Object: 'Object Repository/Page_JPetStore Demo/CatsLink' is clicked on

22-09-2024T16:18:02 - [TEST_STEP][PASSED] - click(findTestObject("Page_JPetStore Demo/ManxCat")): Object: 'Object Repository/Page_JPetStore Demo/ManxCat' is clicked on

22-09-2024T16:18:02 - [MESSAGE][PASSED] - Object: 'Object Repository/Page_JPetStore Demo/ManxCat' is clicked on

22-09-2024T16:18:02 - [TEST_STEP][PASSED] - click(findTestObject("Page_JPetStore Demo/TaillessManxAddtoCart")): Object: 'Object Repository/Page_JPetStore Demo/TaillessManxAddtoCart' is clicked on

22-09-2024T16:18:03 - [MESSAGE][PASSED] - Object: 'Object Repository/Page_JPetStore Demo/TaillessManxAddtoCart' is clicked on

22-09-2024T16:18:03 - [TEST_STEP][PASSED] - click(findTestObject("Page_JPetStore Demo/ReptilesLink")): Object: 'Object Repository/Page_JPetStore Demo/ReptilesLink' is clicked on

22-09-2024T16:18:03 - [MESSAGE][PASSED] - Object: 'Object Repository/Page_JPetStore Demo/ReptilesLink' is clicked on

22-09-2024T16:18:03 - [TEST_STEP][PASSED] - click(findTestObject("Page_JPetStore Demo/RattleSnakeLink")): Object: 'Object Repository/Page_JPetStore Demo/RattleSnakeLink' is clicked on

22-09-2024T16:18:04 - [MESSAGE][PASSED] - Object: 'Object Repository/Page_JPetStore Demo/RattleSnakeLink' is clicked on

22-09-2024T16:18:04 - [TEST_STEP][PASSED] - click(findTestObject("Page_JPetStore Demo/VenomlessAddtoCart")): Object: 'Object Repository/Page_JPetStore Demo/VenomlessAddtoCart' is clicked on

22-09-2024T16:18:04 - [MESSAGE][PASSED] - Object: 'Object Repository/Page_JPetStore Demo/VenomlessAddtoCart' is clicked on

22-09-2024T16:18:04 - [TEST_STEP][PASSED] - click(findTestObject("Page_JPetStore Demo/BirdsLink")): Object: 'Object Repository/Page_JPetStore Demo/BirdsLink' is clicked on

22-09-2024T16:18:05 - [MESSAGE][PASSED] - Object: 'Object Repository/Page_JPetStore Demo/BirdsLink' is clicked on

22-09-2024T16:18:05 - [TEST_STEP][PASSED] - click(findTestObject("Page_JPetStore Demo/AmazonParrotLink")): Object: 'Object Repository/Page_JPetStore Demo/AmazonParrotLink' is clicked on

22-09-2024T16:18:05 - [MESSAGE][PASSED] - Object: 'Object Repository/Page_JPetStore Demo/AmazonParrotLink' is clicked on

22-09-2024T16:18:05 - [TEST_STEP][PASSED] - click(findTestObject("Page_JPetStore Demo/ParrotAddtoCart")): Object: 'Object Repository/Page_JPetStore Demo/ParrotAddtoCart' is clicked on

22-09-2024T16:18:06 - [MESSAGE][PASSED] - Object: 'Object Repository/Page_JPetStore Demo/ParrotAddtoCart' is clicked on

22-09-2024T16:18:06 - [TEST_STEP][PASSED] - click(findTestObject("Page_JPetStore Demo/ProceedToCheckout")): Object: 'Object Repository/Page_JPetStore Demo/ProceedToCheckout' is clicked on

22-09-2024T16:18:06 - [MESSAGE][PASSED] - Object: 'Object Repository/Page_JPetStore Demo/ProceedToCheckout' is clicked on

22-09-2024T16:18:06 - [TEST_STEP][PASSED] - click(findTestObject("Page_JPetStore Demo/ContinueButton")): Object: 'Object Repository/Page_JPetStore Demo/ContinueButton' is clicked on

22-09-2024T16:18:07 - [MESSAGE][PASSED] - Object: 'Object Repository/Page_JPetStore Demo/ContinueButton' is clicked on

22-09-2024T16:18:07 - [TEST_STEP][PASSED] - click(findTestObject("Page_JPetStore Demo/ConfirmButton")): Object: 'Object Repository/Page_JPetStore Demo/ConfirmButton' is clicked on

22-09-2024T16:18:07 - [MESSAGE][PASSED] - Object: 'Object Repository/Page_JPetStore Demo/ConfirmButton' is clicked on

22-09-2024T16:18:07 - [TEST_STEP][PASSED] - verifyElementPresent(findTestObject("Page_JPetStore Demo/OrderSubmittedLabel"), 0): Object 'Object Repository/Page_JPetStore Demo/OrderSubmittedLabel' is present

22-09-2024T16:18:07 - [MESSAGE][WARNING] - Timeout '0' is invalid. Using default page load timeout: '30'

22-09-2024T16:18:07 - [MESSAGE][PASSED] - Object 'Object Repository/Page_JPetStore Demo/OrderSubmittedLabel' is present

22-09-2024T16:18:07 - [TEST_STEP][PASSED] - PetStoreKeyword.logout(): PetStoreKeyword.logout is PASSED

22-09-2024T16:18:08 - [MESSAGE][PASSED] - Object: 'Object Repository/Page_JPetStore Demo/signoutlink' is clicked on

22-09-2024T16:18:08 - [MESSAGE][PASSED] - PetStoreKeyword.logout is PASSED

22-09-2024T16:18:08 - [TEST_STEP][PASSED] - BrowserFunctionKeyword.closeBrowser(): BrowserFunctionKeyword.closeBrowser is PASSED

22-09-2024T16:18:08 - [MESSAGE][PASSED] - Browser is closed

22-09-2024T16:18:08 - [MESSAGE][PASSED] - BrowserFunctionKeyword.closeBrowser is PASSED]]></system-out>
         <system-err><![CDATA[]]></system-err>
      </testcase>
      <system-out><![CDATA[22-09-2024T16:17:12 - [TEST_SUITE][PASSED] - PurchaseAllAnimalts: Test Cases/PurchaseAllPet]]></system-out>
      <system-err><![CDATA[]]></system-err>
   </testsuite>
</testsuites>
