<?xml version="1.0" encoding="UTF-8"?>
<testsuites name="PetStoreSuite1" time="24.848" tests="3" failures="0" errors="0">
   <testsuite name="PetStoreSuite1" tests="3" failures="0" errors="0" time="24.848" skipped="0" timestamp="20-09-2024T16:09:01" hostname="AkashMaurya - CWERX-0668" id="Test Suites/PetStoreSuite1">
      <properties>
         <property name="deviceName" value=""/>
         <property name="devicePlatform"/>
         <property name="logFolder" value="C:\\Users\\AkashMaurya\\git\\PracticeProjectOne\\Reports\\20240920_160849\\PetStoreSuite1\\20240920_160855"/>
         <property name="logFiles" value="C:\\Users\\AkashMaurya\\git\\PracticeProjectOne\\Reports\\20240920_160849\\PetStoreSuite1\\20240920_160855\\execution0.log"/>
         <property name="attachments" value=""/>
         <property name="hostName" value="AkashMaurya - CWERX-0668"/>
         <property name="os" value="Windows 11 64bit"/>
         <property name="katalonVersion" value="9.6.0.217"/>
         <property name="browser" value="Chrome 128.0.0.0"/>
         <property name="hostAddress" value="192.168.0.109"/>
         <property name="sessionId" value="0b716d8f8e66073b17a25f2ab059821c"/>
         <property name="seleniumVersion" value="3.141.59"/>
         <property name="proxyInformation" value="ProxyInformation { proxyOption=NO_PROXY, proxyServerType=HTTP, username=, password=********, proxyServerAddress=, proxyServerPort=0, executionList=&quot;&quot;, isApplyToDesiredCapabilities=true }"/>
         <property name="platform" value="Windows 11"/>
      </properties>
      <testcase name="Test Cases/LaunchPetStorePage" time="5.969" classname="Test Cases/LaunchPetStorePage" status="PASSED">
         <system-out><![CDATA[20-09-2024T16:09:01 - [TEST_CASE][PASSED] - Test Cases/LaunchPetStorePage: Test Cases/LaunchPetStorePage

20-09-2024T16:09:02 - [TEST_STEP][PASSED] - openBrowser(""): Browser is opened with url: ''

20-09-2024T16:09:02 - [MESSAGE][INFO] - Starting 'Chrome' driver

20-09-2024T16:09:02 - [MESSAGE][INFO] - Action delay is set to 0 milliseconds

20-09-2024T16:09:06 - [MESSAGE][PASSED] - Browser is opened with url: ''

20-09-2024T16:09:06 - [TEST_STEP][PASSED] - navigateToUrl("https://petstore.octoperf.com/actions/Catalog.action"): Navigate to 'https://petstore.octoperf.com/actions/Catalog.action' successfully

20-09-2024T16:09:06 - [MESSAGE][PASSED] - Navigate to 'https://petstore.octoperf.com/actions/Catalog.action' successfully

20-09-2024T16:09:06 - [TEST_STEP][PASSED] - verifyElementPresent(findTestObject("Page_JPetStore Demo/a_Sign In"), 0): Object 'Object Repository/Page_JPetStore Demo/a_Sign In' is present

20-09-2024T16:09:07 - [MESSAGE][WARNING] - Timeout '0' is invalid. Using default page load timeout: '30'

20-09-2024T16:09:07 - [MESSAGE][PASSED] - Object 'Object Repository/Page_JPetStore Demo/a_Sign In' is present

20-09-2024T16:09:07 - [TEST_STEP][PASSED] - closeBrowser(): Browser is closed

20-09-2024T16:09:07 - [MESSAGE][PASSED] - Browser is closed]]></system-out>
         <system-err><![CDATA[]]></system-err>
      </testcase>
      <testcase name="Test Cases/PetStoreRegistration" time="12.785" classname="Test Cases/PetStoreRegistration" status="PASSED">
         <system-out><![CDATA[20-09-2024T16:09:07 - [TEST_CASE][PASSED] - Test Cases/PetStoreRegistration: Test Cases/PetStoreRegistration

20-09-2024T16:09:07 - [TEST_STEP][PASSED] - openBrowser(""): Browser is opened with url: ''

20-09-2024T16:09:07 - [MESSAGE][INFO] - Starting 'Chrome' driver

20-09-2024T16:09:08 - [MESSAGE][INFO] - Action delay is set to 0 milliseconds

20-09-2024T16:09:09 - [MESSAGE][PASSED] - Browser is opened with url: ''

20-09-2024T16:09:09 - [TEST_STEP][PASSED] - navigateToUrl("https://petstore.octoperf.com/actions/Catalog.action"): Navigate to 'https://petstore.octoperf.com/actions/Catalog.action' successfully

20-09-2024T16:09:10 - [MESSAGE][PASSED] - Navigate to 'https://petstore.octoperf.com/actions/Catalog.action' successfully

20-09-2024T16:09:10 - [TEST_STEP][PASSED] - click(findTestObject("Page_JPetStore Demo/a_Sign In")): Object: 'Object Repository/Page_JPetStore Demo/a_Sign In' is clicked on

20-09-2024T16:09:10 - [MESSAGE][PASSED] - Object: 'Object Repository/Page_JPetStore Demo/a_Sign In' is clicked on

20-09-2024T16:09:10 - [TEST_STEP][PASSED] - click(findTestObject("Page_JPetStore Demo/a_Register Now")): Object: 'Object Repository/Page_JPetStore Demo/a_Register Now' is clicked on

20-09-2024T16:09:11 - [MESSAGE][PASSED] - Object: 'Object Repository/Page_JPetStore Demo/a_Register Now' is clicked on

20-09-2024T16:09:11 - [TEST_STEP][PASSED] - setText(findTestObject("Page_JPetStore Demo/input_User ID_username"), "petstoreuser"): Text 'petstoreuser' is set on object 'Object Repository/Page_JPetStore Demo/input_User ID_username'

20-09-2024T16:09:11 - [MESSAGE][PASSED] - Text 'petstoreuser' is set on object 'Object Repository/Page_JPetStore Demo/input_User ID_username'

20-09-2024T16:09:11 - [TEST_STEP][PASSED] - setText(findTestObject("Page_JPetStore Demo/input_New password_password"), "petstoreuser"): Text 'petstoreuser' is set on object 'Object Repository/Page_JPetStore Demo/input_New password_password'

20-09-2024T16:09:12 - [MESSAGE][PASSED] - Text 'petstoreuser' is set on object 'Object Repository/Page_JPetStore Demo/input_New password_password'

20-09-2024T16:09:12 - [TEST_STEP][PASSED] - setText(findTestObject("Page_JPetStore Demo/input_Repeat password_repeatedPassword"), "petstoreuser"): Text 'petstoreuser' is set on object 'Object Repository/Page_JPetStore Demo/input_Repeat password_repeatedPassword'

20-09-2024T16:09:13 - [MESSAGE][PASSED] - Text 'petstoreuser' is set on object 'Object Repository/Page_JPetStore Demo/input_Repeat password_repeatedPassword'

20-09-2024T16:09:13 - [TEST_STEP][PASSED] - setText(findTestObject("Page_JPetStore Demo/input_First name_account.firstName"), "petstoreuser"): Text 'petstoreuser' is set on object 'Object Repository/Page_JPetStore Demo/input_First name_account.firstName'

20-09-2024T16:09:13 - [MESSAGE][PASSED] - Text 'petstoreuser' is set on object 'Object Repository/Page_JPetStore Demo/input_First name_account.firstName'

20-09-2024T16:09:13 - [TEST_STEP][PASSED] - setText(findTestObject("Page_JPetStore Demo/input_Last name_account.lastName"), "petstoreuser"): Text 'petstoreuser' is set on object 'Object Repository/Page_JPetStore Demo/input_Last name_account.lastName'

20-09-2024T16:09:14 - [MESSAGE][PASSED] - Text 'petstoreuser' is set on object 'Object Repository/Page_JPetStore Demo/input_Last name_account.lastName'

20-09-2024T16:09:14 - [TEST_STEP][PASSED] - setText(findTestObject("Page_JPetStore Demo/input_Email_account.email"), "petstoreuser@gmail.com"): Text 'petstoreuser@gmail.com' is set on object 'Object Repository/Page_JPetStore Demo/input_Email_account.email'

20-09-2024T16:09:15 - [MESSAGE][PASSED] - Text 'petstoreuser@gmail.com' is set on object 'Object Repository/Page_JPetStore Demo/input_Email_account.email'

20-09-2024T16:09:15 - [TEST_STEP][PASSED] - setText(findTestObject("Page_JPetStore Demo/input_Phone_account.phone"), "1233214567"): Text '1233214567' is set on object 'Object Repository/Page_JPetStore Demo/input_Phone_account.phone'

20-09-2024T16:09:15 - [MESSAGE][PASSED] - Text '1233214567' is set on object 'Object Repository/Page_JPetStore Demo/input_Phone_account.phone'

20-09-2024T16:09:15 - [TEST_STEP][PASSED] - setText(findTestObject("Page_JPetStore Demo/input_Address 1_account.address1"), "Address1"): Text 'Address1' is set on object 'Object Repository/Page_JPetStore Demo/input_Address 1_account.address1'

20-09-2024T16:09:16 - [MESSAGE][PASSED] - Text 'Address1' is set on object 'Object Repository/Page_JPetStore Demo/input_Address 1_account.address1'

20-09-2024T16:09:16 - [TEST_STEP][PASSED] - setText(findTestObject("Page_JPetStore Demo/input_Address 2_account.address2"), "Address2"): Text 'Address2' is set on object 'Object Repository/Page_JPetStore Demo/input_Address 2_account.address2'

20-09-2024T16:09:17 - [MESSAGE][PASSED] - Text 'Address2' is set on object 'Object Repository/Page_JPetStore Demo/input_Address 2_account.address2'

20-09-2024T16:09:17 - [TEST_STEP][PASSED] - setText(findTestObject("Page_JPetStore Demo/input_City_account.city"), "Mumbai"): Text 'Mumbai' is set on object 'Object Repository/Page_JPetStore Demo/input_City_account.city'

20-09-2024T16:09:17 - [MESSAGE][PASSED] - Text 'Mumbai' is set on object 'Object Repository/Page_JPetStore Demo/input_City_account.city'

20-09-2024T16:09:17 - [TEST_STEP][PASSED] - setText(findTestObject("Page_JPetStore Demo/input_State_account.state"), "Maha"): Text 'Maha' is set on object 'Object Repository/Page_JPetStore Demo/input_State_account.state'

20-09-2024T16:09:18 - [MESSAGE][PASSED] - Text 'Maha' is set on object 'Object Repository/Page_JPetStore Demo/input_State_account.state'

20-09-2024T16:09:18 - [TEST_STEP][PASSED] - setText(findTestObject("Page_JPetStore Demo/input_Zip_account.zip"), "429312"): Text '429312' is set on object 'Object Repository/Page_JPetStore Demo/input_Zip_account.zip'

20-09-2024T16:09:19 - [MESSAGE][PASSED] - Text '429312' is set on object 'Object Repository/Page_JPetStore Demo/input_Zip_account.zip'

20-09-2024T16:09:19 - [TEST_STEP][PASSED] - setText(findTestObject("Page_JPetStore Demo/input_Country_account.country"), "India"): Text 'India' is set on object 'Object Repository/Page_JPetStore Demo/input_Country_account.country'

20-09-2024T16:09:19 - [MESSAGE][PASSED] - Text 'India' is set on object 'Object Repository/Page_JPetStore Demo/input_Country_account.country'

20-09-2024T16:09:19 - [TEST_STEP][PASSED] - click(findTestObject("Page_JPetStore Demo/input_Enable MyBanner_newAccount")): Object: 'Object Repository/Page_JPetStore Demo/input_Enable MyBanner_newAccount' is clicked on

20-09-2024T16:09:20 - [MESSAGE][PASSED] - Object: 'Object Repository/Page_JPetStore Demo/input_Enable MyBanner_newAccount' is clicked on]]></system-out>
         <system-err><![CDATA[]]></system-err>
      </testcase>
      <testcase name="Test Cases/PetStoreSignIn" time="5.825" classname="Test Cases/PetStoreSignIn" status="PASSED">
         <system-out><![CDATA[20-09-2024T16:09:20 - [TEST_CASE][PASSED] - Test Cases/PetStoreSignIn: Test Cases/PetStoreSignIn

20-09-2024T16:09:20 - [TEST_STEP][PASSED] - openBrowser(""): Browser is opened with url: ''

20-09-2024T16:09:20 - [MESSAGE][WARNING] - A browser is already opened. Closing browser and opening a new one

20-09-2024T16:09:20 - [MESSAGE][INFO] - Starting 'Chrome' driver

20-09-2024T16:09:20 - [MESSAGE][INFO] - Action delay is set to 0 milliseconds

20-09-2024T16:09:21 - [MESSAGE][PASSED] - Browser is opened with url: ''

20-09-2024T16:09:21 - [TEST_STEP][PASSED] - navigateToUrl("https://petstore.octoperf.com/actions/Catalog.action"): Navigate to 'https://petstore.octoperf.com/actions/Catalog.action' successfully

20-09-2024T16:09:22 - [MESSAGE][PASSED] - Navigate to 'https://petstore.octoperf.com/actions/Catalog.action' successfully

20-09-2024T16:09:22 - [TEST_STEP][PASSED] - verifyElementPresent(findTestObject("Page_JPetStore Demo/a_Sign In"), 1): Object 'Object Repository/Page_JPetStore Demo/a_Sign In' is present

20-09-2024T16:09:23 - [MESSAGE][PASSED] - Object 'Object Repository/Page_JPetStore Demo/a_Sign In' is present

20-09-2024T16:09:23 - [TEST_STEP][PASSED] - click(findTestObject("Page_JPetStore Demo/a_Sign In")): Object: 'Object Repository/Page_JPetStore Demo/a_Sign In' is clicked on

20-09-2024T16:09:23 - [MESSAGE][PASSED] - Object: 'Object Repository/Page_JPetStore Demo/a_Sign In' is clicked on

20-09-2024T16:09:23 - [TEST_STEP][PASSED] - setText(findTestObject("Page_JPetStore Demo/input_Need a user name and password_username"), "testuser"): Text 'testuser' is set on object 'Object Repository/Page_JPetStore Demo/input_Need a user name and password_username'

20-09-2024T16:09:24 - [MESSAGE][PASSED] - Text 'testuser' is set on object 'Object Repository/Page_JPetStore Demo/input_Need a user name and password_username'

20-09-2024T16:09:24 - [TEST_STEP][PASSED] - setText(findTestObject("Page_JPetStore Demo/input_New password_password"), "testuser"): Text 'testuser' is set on object 'Object Repository/Page_JPetStore Demo/input_New password_password'

20-09-2024T16:09:24 - [MESSAGE][PASSED] - Text 'testuser' is set on object 'Object Repository/Page_JPetStore Demo/input_New password_password'

20-09-2024T16:09:24 - [TEST_STEP][PASSED] - click(findTestObject("Page_JPetStore Demo/input_Need a user name and password_signon")): Object: 'Object Repository/Page_JPetStore Demo/input_Need a user name and password_signon' is clicked on

20-09-2024T16:09:25 - [MESSAGE][PASSED] - Object: 'Object Repository/Page_JPetStore Demo/input_Need a user name and password_signon' is clicked on

20-09-2024T16:09:25 - [TEST_STEP][PASSED] - verifyElementPresent(findTestObject("Page_JPetStore Demo/signoutlink"), 1): Object 'Object Repository/Page_JPetStore Demo/signoutlink' is present

20-09-2024T16:09:25 - [MESSAGE][PASSED] - Object 'Object Repository/Page_JPetStore Demo/signoutlink' is present

20-09-2024T16:09:25 - [TEST_STEP][PASSED] - click(findTestObject("Page_JPetStore Demo/signoutlink")): Object: 'Object Repository/Page_JPetStore Demo/signoutlink' is clicked on

20-09-2024T16:09:26 - [MESSAGE][PASSED] - Object: 'Object Repository/Page_JPetStore Demo/signoutlink' is clicked on]]></system-out>
         <system-err><![CDATA[]]></system-err>
      </testcase>
      <system-out><![CDATA[20-09-2024T16:09:01 - [TEST_SUITE][PASSED] - PetStoreSuite1: Test Cases/PetStoreSignIn]]></system-out>
      <system-err><![CDATA[]]></system-err>
   </testsuite>
</testsuites>
